error: `id_type` or `id` must be specified on enum
 --> tests/test_compile/cases/enum_validation.rs:5:6
  |
5 | enum Test1 {}
  |      ^^^^^

error: conflicting: both `id_type` and `id` specified on enum
  --> tests/test_compile/cases/enum_validation.rs:10:6
   |
10 | enum Test2 {}
   |      ^^^^^

error: conflicting: both `id` and `id_pat` specified on variant
  --> tests/test_compile/cases/enum_validation.rs:16:17
   |
16 |     #[deku(id = "1", id_pat = "2..=3")]
   |                 ^^^

error: `id_type` only supported on enum
  --> tests/test_compile/cases/enum_validation.rs:22:18
   |
22 | #[deku(id_type = "u8")]
   |                  ^^^^

error: `bits` only supported on enum
  --> tests/test_compile/cases/enum_validation.rs:29:15
   |
29 | #[deku(bits = 1)]
   |               ^

error: `bits` only supported on enum
  --> tests/test_compile/cases/enum_validation.rs:36:15
   |
36 | #[deku(bits = 1)]
   |               ^

error: `id_type` only supported on enum
  --> tests/test_compile/cases/enum_validation.rs:43:18
   |
43 | #[deku(id_type = "test")]
   |                  ^^^^^^

error: DekuRead: `id` must be specified on non-unit variants
  --> tests/test_compile/cases/enum_validation.rs:52:5
   |
52 |     A,
   |     ^

error: DekuRead: `id` must be specified on non-unit variants
  --> tests/test_compile/cases/enum_validation.rs:59:5
   |
59 |     A,
   |     ^

error: error: `id_pat` should be used for `_`
  --> tests/test_compile/cases/enum_validation.rs:67:5
   |
67 |     A,
   |     ^

error: DekuRead: `id` must be specified on non-unit variants
  --> tests/test_compile/cases/enum_validation.rs:76:5
   |
76 |     B(u8),
   |     ^

error: DekuRead: id_pat bytes `3` must match bytes `2`
  --> tests/test_compile/cases/enum_validation.rs:90:10
   |
90 | pub enum Test13 {
   |          ^^^^^^

error: DekuRead: id_pat endian `big` must match id_endian `little`
  --> tests/test_compile/cases/enum_validation.rs:98:10
   |
98 | pub enum Test14 {
   |          ^^^^^^

error[E0308]: `?` operator has incompatible types
   --> tests/test_compile/cases/enum_validation.rs:104:28
    |
104 | #[derive(PartialEq, Debug, DekuRead, DekuWrite)]
    |                            ^^^^^^^^ expected `u8`, found `u32`
    |
    = note: `?` operator cannot convert from `u32` to `u8`
    = note: this error originates in the derive macro `DekuRead` (in Nightly builds, run with -Z macro-backtrace for more info)
